<?xml version="1.0" encoding="UTF-8"?>
<testsuite xmlns:xsi="http://www.w3.org/2001/XMLSchema-instance" xsi:noNamespaceSchemaLocation="https://maven.apache.org/surefire/maven-surefire-plugin/xsd/surefire-test-report.xsd" name="AverageOfNumbersTest" time="0.22" tests="3" errors="0" skipped="0" failures="3">
  <properties>
[...]
</properties>
  <testcase name="randomInputTest" classname="AverageOfNumbersTest" time="0.023">
    <failure message="When input equals:&#10;-3999&#10;-2750&#10;-1148&#10;-3329&#10;-1405&#10;6191&#10;end&#10;&#10;the average should be: -1073.3333333333333&#10;Instead it was: &#10;" type="java.lang.AssertionError">java.lang.AssertionError: 
When input equals:
-3999
-2750
-1148
-3329
-1405
6191
end

the average should be: -1073.3333333333333
Instead it was: 

	at AverageOfNumbersTest.randomInputTest(AverageOfNumbersTest.java:64)
</failure>
  </testcase>
  <testcase name="firstInputTest" classname="AverageOfNumbersTest" time="0">
    <failure message="When input equals:&#10;2&#10;4&#10;6&#10;end&#10;&#10;the average should be: 4.0&#10;Instead it was: " type="java.lang.AssertionError">java.lang.AssertionError: 
When input equals:
2
4
6
end

the average should be: 4.0
Instead it was: 
	at AverageOfNumbersTest.firstInputTest(AverageOfNumbersTest.java:24)
</failure>
  </testcase>
  <testcase name="secondInputTest" classname="AverageOfNumbersTest" time="0.003">
    <failure message="When input equals:&#10;-1&#10;1&#10;2&#10;end&#10;&#10;the average should be: 0.666666&#10;Instead it was: " type="java.lang.AssertionError">java.lang.AssertionError: 
When input equals:
-1
1
2
end

the average should be: 0.666666
Instead it was: 
	at AverageOfNumbersTest.secondInputTest(AverageOfNumbersTest.java:34)
</failure>
  </testcase>
</testsuite>